<?xml version="1.0" encoding="UTF-8"?>
<testng-results ignored="0" total="2" passed="2" failed="0" skipped="0">
  <reporter-output>
  </reporter-output>
  <suite started-at="2024-09-24T23:23:21Z" name="Default suite" finished-at="2024-09-24T23:23:27Z" duration-ms="5785">
    <groups>
    </groups>
    <test started-at="2024-09-24T23:23:21Z" name="Default test" finished-at="2024-09-24T23:23:27Z" duration-ms="5785">
      <class name="testCases.DeleteAccount">
        <test-method signature="deleteAccount()[pri:1, instance:testCases.DeleteAccount@3ad394e6]" started-at="2024-09-24T23:23:21Z" name="deleteAccount" finished-at="2024-09-24T23:23:25Z" duration-ms="3783" status="PASS">
          <reporter-output>
          </reporter-output>
        </test-method> <!-- deleteAccount -->
        <test-method signature="getSingleAccountInfo()[pri:2, instance:testCases.DeleteAccount@3ad394e6]" started-at="2024-09-24T23:23:25Z" name="getSingleAccountInfo" finished-at="2024-09-24T23:23:27Z" duration-ms="1978" status="PASS">
          <reporter-output>
          </reporter-output>
        </test-method> <!-- getSingleAccountInfo -->
      </class> <!-- testCases.DeleteAccount -->
    </test> <!-- Default test -->
  </suite> <!-- Default suite -->
</testng-results>
